<?xml version="1.0" encoding="UTF-8"?>
<!-- Generated by org.testng.reporters.JUnitReportReporter -->
<testsuite hostname="IBM-8CW22F3" failures="0" tests="1" name="trial1.LaunchAppFromHome" time="36.313" errors="0" timestamp="2022-06-08T23:12:48 IST" skipped="0">
  <testcase classname="trial1.LaunchAppFromHome" name="verifyLifeSkillsCampKhan" time="36.313"/>
  <system-out/>
</testsuite> <!-- trial1.LaunchAppFromHome -->
