<?xml version="1.0" encoding="UTF-8"?>
<!-- Generated by org.testng.reporters.JUnitReportReporter -->
<testsuite hostname="IBM-8CW22F3" failures="0" tests="1" name="trial1.KhanAcademyAssignment" time="8.721" errors="0" timestamp="2022-06-08T23:33:40 IST" skipped="0">
  <testcase classname="trial1.KhanAcademyAssignment" name="verifyLifeSkillsCampKhan" time="8.721"/>
  <system-out/>
</testsuite> <!-- trial1.KhanAcademyAssignment -->
